0 info it worked if it ends with ok
1 verbose cli [ '/usr/local/Cellar/node/0.8.8/bin/node',
1 verbose cli   '/usr/local/bin/npm',
1 verbose cli   'publish' ]
2 info using npm@1.1.59
3 info using node@v0.8.8
4 verbose publish [ '.' ]
5 verbose read json /Users/matt/Dev/har-to-curl/package.json
6 verbose cache add [ '.', null ]
7 silly cache add name=undefined spec="." args=[".",null]
8 verbose parsed url { pathname: '.', path: '.', href: '.' }
9 silly lockFile 3a52ce78- .
10 verbose lock . /Users/matt/.npm/3a52ce78-.lock
11 verbose read json package.json
12 silly lockFile 3a52ce78- .
13 error addLocal Could not install .
14 error Error: invalid version: 1.0
14 error     at validVersion (/usr/local/Cellar/node/0.8.8/lib/node_modules/npm/node_modules/read-package-json/read-json.js:522:40)
14 error     at final (/usr/local/Cellar/node/0.8.8/lib/node_modules/npm/node_modules/read-package-json/read-json.js:289:23)
14 error     at /usr/local/Cellar/node/0.8.8/lib/node_modules/npm/node_modules/read-package-json/read-json.js:119:33
14 error     at cb (/usr/local/Cellar/node/0.8.8/lib/node_modules/npm/node_modules/slide/lib/async-map.js:48:11)
14 error     at /usr/local/Cellar/node/0.8.8/lib/node_modules/npm/node_modules/read-package-json/read-json.js:241:40
14 error     at fs.readFile (fs.js:176:14)
14 error     at fs.close (/usr/local/Cellar/node/0.8.8/lib/node_modules/npm/node_modules/graceful-fs/graceful-fs.js:92:5)
14 error     at Object.oncomplete (fs.js:297:15)
15 error If you need help, you may report this log at:
15 error     <http://github.com/isaacs/npm/issues>
15 error or email it to:
15 error     <npm-@googlegroups.com>
16 error System Darwin 12.1.0
17 error command "/usr/local/Cellar/node/0.8.8/bin/node" "/usr/local/bin/npm" "publish"
18 error cwd /Users/matt/Dev/har-to-curl
19 error node -v v0.8.8
20 error npm -v 1.1.59
21 verbose exit [ 1, true ]
